<?xml version="1.0" encoding="UTF-8"?>
<!-- Generated by org.testng.reporters.JUnitXMLReporter -->
<testsuite hostname="22HW020539" ignored="3" name="Regresion" tests="3" failures="0" timestamp="13 Mar 2018 20:43:53 GMT" time="0.042" errors="0">
  <testcase name="movf" time="0.016" classname="com.selenium.test.testNG.Prueba"/>
  <testcase name="movg" time="0.001" classname="com.selenium.test.testNG.Prueba"/>
  <testcase name="guru" time="0.0" classname="com.selenium.test.testNG.Test99"/>
  <testcase name="support" time="0.0" classname="com.selenium.test.testNG.Test99">
    <ignored/>
  </testcase> <!-- support -->
  <testcase name="g" time="0.0" classname="com.selenium.test.testNG.Prueba">
    <ignored/>
  </testcase> <!-- g -->
  <testcase name="register" time="0.0" classname="com.selenium.test.testNG.Test99">
    <ignored/>
  </testcase> <!-- register -->
</testsuite> <!-- Regresion -->
