<?xml version="1.0" encoding="UTF-8"?>
<!-- Generated by org.testng.reporters.JUnitXMLReporter -->
<testsuite hostname="22HW020539" ignored="0" name="Test" tests="3" failures="0" timestamp="12 Mar 2018 21:07:40 GMT" time="9.555" errors="0">
  <testcase name="f" time="0.0" classname="com.selenium.test.testNG.Prueba"/>
  <testcase name="register" time="0.393" classname="com.selenium.test.testNG.Test99"/>
  <testcase name="support" time="0.324" classname="com.selenium.test.testNG.Test99"/>
</testsuite> <!-- Test -->
