<?xml version="1.0" encoding="UTF-8"?>
<testng-results skipped="0" failed="0" ignored="0" total="1" passed="1">
  <reporter-output>
  </reporter-output>
  <suite name="Default suite" duration-ms="56" started-at="2018-03-14T21:44:01Z" finished-at="2018-03-14T21:44:01Z">
    <groups>
    </groups>
    <test name="Default test" duration-ms="56" started-at="2018-03-14T21:44:01Z" finished-at="2018-03-14T21:44:01Z">
      <class name="com.selenium.test.testNG.DataDrivenTest">
        <test-method status="PASS" signature="getProperties()[pri:0, instance:com.selenium.test.testNG.DataDrivenTest@32d2fa64]" name="getProperties" duration-ms="16" started-at="2018-03-14T21:44:01Z" finished-at="2018-03-14T21:44:01Z">
          <reporter-output>
          </reporter-output>
        </test-method> <!-- getProperties -->
      </class> <!-- com.selenium.test.testNG.DataDrivenTest -->
    </test> <!-- Default test -->
  </suite> <!-- Default suite -->
</testng-results>
